#0 building with "default" instance using docker driver

#1 [nginx internal] load build definition from Dockerfile
#1 transferring dockerfile: 326B done
#1 DONE 0.0s

#2 [nginx internal] load metadata for docker.io/library/node:20-alpine
#2 DONE 0.0s

#3 [nginx internal] load metadata for docker.io/library/nginx:alpine
#3 DONE 0.0s

#4 [nginx internal] load .dockerignore
#4 transferring context: 69B done
#4 DONE 0.0s

#5 [nginx internal] load build context
#5 DONE 0.0s

#6 [nginx builder 1/7] FROM docker.io/library/node:20-alpine@sha256:fb4cd12c85ee03686f6af5362a0b0d56d50c58a04632e6c0fb8363f609372293
#6 resolve docker.io/library/node:20-alpine@sha256:fb4cd12c85ee03686f6af5362a0b0d56d50c58a04632e6c0fb8363f609372293 0.0s done
#6 DONE 0.0s

#7 [nginx stage-1 1/3] FROM docker.io/library/nginx:alpine@sha256:54f2a904c251d5a34adf545a72d32515a15e08418dae0266e23be2e18c66fefa
#7 resolve docker.io/library/nginx:alpine@sha256:54f2a904c251d5a34adf545a72d32515a15e08418dae0266e23be2e18c66fefa 0.0s done
#7 DONE 0.0s

#5 [nginx internal] load build context
#5 transferring context: 30.88kB 0.1s done
#5 DONE 0.1s

#8 [nginx builder 7/7] RUN npm run build
#8 CACHED

#9 [nginx stage-1 2/3] COPY nginx.conf /etc/nginx/conf.d/default.conf
#9 CACHED

#10 [nginx builder 2/7] WORKDIR /app
#10 CACHED

#11 [nginx builder 3/7] COPY package*.json ./
#11 CACHED

#12 [nginx builder 4/7] COPY vendor ./vendor
#12 CACHED

#13 [nginx builder 5/7] RUN npm install --ignore-scripts --no-audit --no-fund
#13 CACHED

#14 [nginx builder 6/7] COPY . .
#14 CACHED

#15 [nginx stage-1 3/3] COPY --from=builder /app/dist /usr/share/nginx/html
#15 CACHED

#16 [nginx] exporting to image
#16 exporting layers 0.0s done
#16 exporting manifest sha256:00a18e7f05b44163877d7438550cc3caa57936b5e480d7e60e6546efc6d145da
#16 exporting manifest sha256:00a18e7f05b44163877d7438550cc3caa57936b5e480d7e60e6546efc6d145da done
#16 exporting config sha256:e77833ce2a4f845df7753c24dd8c341e76dd8e6270aecd294c3e1c1f504c3bb9 done
#16 exporting attestation manifest sha256:8e2901ed0c2b35be7a362bc185a96b66b61b9cb1ca8c838c1c17025fd5940151 0.0s done
#16 exporting manifest list sha256:1f0fbd8d4c4f3314ccf2023e958e01eec4a16e53bb7915725b1838952397dada done
#16 naming to docker.io/library/ai-platform-nginx:latest done
#16 unpacking to docker.io/library/ai-platform-nginx:latest 0.0s done
#16 DONE 0.3s

#17 [nginx] resolving provenance for metadata file
#17 DONE 0.0s
