#0 building with "default" instance using docker driver

#1 [nginx internal] load build definition from Dockerfile
#1 transferring dockerfile: 326B done
#1 DONE 0.0s

#2 [nginx internal] load metadata for docker.io/library/nginx:alpine
#2 DONE 0.0s

#3 [nginx internal] load metadata for docker.io/library/node:20-alpine
#3 DONE 0.0s

#4 [nginx internal] load .dockerignore
#4 transferring context: 69B done
#4 DONE 0.0s

#5 [nginx internal] load build context
#5 DONE 0.0s

#6 [nginx stage-1 1/3] FROM docker.io/library/nginx:alpine@sha256:54f2a904c251d5a34adf545a72d32515a15e08418dae0266e23be2e18c66fefa
#6 resolve docker.io/library/nginx:alpine@sha256:54f2a904c251d5a34adf545a72d32515a15e08418dae0266e23be2e18c66fefa 0.0s done
#6 DONE 0.0s

#7 [nginx builder 1/7] FROM docker.io/library/node:20-alpine@sha256:fb4cd12c85ee03686f6af5362a0b0d56d50c58a04632e6c0fb8363f609372293
#7 resolve docker.io/library/node:20-alpine@sha256:fb4cd12c85ee03686f6af5362a0b0d56d50c58a04632e6c0fb8363f609372293 0.0s done
#7 DONE 0.0s

#5 [nginx internal] load build context
#5 transferring context: 30.88kB 0.0s done
#5 DONE 0.1s

#8 [nginx builder 5/7] RUN npm install --ignore-scripts --no-audit --no-fund
#8 CACHED

#9 [nginx builder 6/7] COPY . .
#9 CACHED

#10 [nginx builder 7/7] RUN npm run build
#10 CACHED

#11 [nginx stage-1 2/3] COPY nginx.conf /etc/nginx/conf.d/default.conf
#11 CACHED

#12 [nginx builder 2/7] WORKDIR /app
#12 CACHED

#13 [nginx builder 3/7] COPY package*.json ./
#13 CACHED

#14 [nginx builder 4/7] COPY vendor ./vendor
#14 CACHED

#15 [nginx stage-1 3/3] COPY --from=builder /app/dist /usr/share/nginx/html
#15 CACHED

#16 [nginx] exporting to image
#16 exporting layers 0.0s done
#16 exporting manifest sha256:a6cbb0b40a20833eec3cb6939a8e704c2e21a6056b90cfa5bf2a97803cf53165
#16 exporting manifest sha256:a6cbb0b40a20833eec3cb6939a8e704c2e21a6056b90cfa5bf2a97803cf53165 done
#16 exporting config sha256:3d0d26cf8f4387e83b12eead51bf6cd78b6cee27b0e1b8e5c341638b1567d0a2 done
#16 exporting attestation manifest sha256:7bf357bdee36b60282b62b2f0ef2bf362edb175627c9778a047a91183c69bb15 0.0s done
#16 exporting manifest list sha256:effcf774fc9e7be14c1ed07c2a1d5079a945aad42967ecc6998e3138948d7f12 done
#16 naming to docker.io/library/ai-platform-nginx:latest done
#16 unpacking to docker.io/library/ai-platform-nginx:latest 0.0s done
#16 DONE 0.3s

#17 [nginx] resolving provenance for metadata file
#17 DONE 0.0s
