AS6_DONE=AS6_EPIC018_CRM_NEXT_MODULE_SELECTION
PROJECT_READINESS=99%
BASE_EXPECTED=8c737b00a3c23350ed309be900678191b54e706c
CURRENT_COMMIT=PENDING_UNTIL_COMMIT
RESTORE_TAG=AS6_RESTORE_EPIC018_CRM_NEXT_MODULE_SELECTION_20260704T194510Z
PREVIOUS_EPIC=AS6_EPIC017
PREVIOUS_STATUS=AS6_EPIC017_CRM_ANALYTICS=PRODUCTION_VALIDATED
SELECTED_NEXT_MODULE=CRM_FILTERS
NEXT_STAGE=AS6_EPIC018_CRM_FILTERS_FOUNDATION
VALIDATION_GIT_HEAD=PASS
VALIDATION_RESTORE_TAG=PASS
VALIDATION_WORKTREE_CLEAN_BEFORE=PASS
VALIDATION_EPIC017_PRODUCTION_STATUS=PASS
VALIDATION_CRM_CHAIN=PASS
VALIDATION_REPOSITORY_BASED_SELECTION=PASS
VALIDATION_FRONTEND_BUILD=PASS
VALIDATION_GUARDIAN=PASS
VALIDATION_COMMIT=PENDING_UNTIL_COMMIT
VALIDATION_PUSH=PENDING_UNTIL_PUSH
DIAGNOSTIC_ADDED=AS6_CRM_EPIC018_NEXT_MODULE_SELECTION_GAP
ROOT_CAUSE_REGISTERED=CRM filters exists as a UI panel surface at frontend/src/pages/crm/CRMFiltersPanel.jsx, but frontend/src/crm/filters does not exist as a registered CRM domain foundation.
