AS6_DONE=AS6_EPIC016_CRM_NEXT_MODULE_SELECTION
AS6_REPAIR=AS6_EPIC016_NEXT_MODULE_SELECTION_RUNTIME_GITIGNORE_REPAIR
PROJECT_READINESS=99%
BASE_EXPECTED=0404bb02548ff10cfab7e4c826267b23249d8011
CURRENT_COMMIT=d573b59e6018ddbd1db3ec3602a1d57fed7c2cf8
RESTORE_TAG=AS6_RESTORE_EPIC016_CRM_NEXT_MODULE_SELECTION_20260704T151404Z
SELECTED_NEXT_MODULE=CRM_FOLLOWUPS
NEXT_STAGE=AS6_EPIC016_CRM_FOLLOWUPS_FOUNDATION
VALIDATION_GIT_HEAD=PASS
VALIDATION_RESTORE_TAG=PASS
VALIDATION_EXPECTED_WORKTREE=PASS
VALIDATION_WORKSPACE_FOUNDATION_EXISTS=PASS
VALIDATION_CRM_CHAIN_EXISTS=PASS
VALIDATION_FRONTEND_BUILD=PASS
VALIDATION_GUARDIAN=PASS
VALIDATION_COMMIT=PASS
VALIDATION_PUSH=PASS
DIAGNOSTIC_ADDED=AS6_CRM_NEXT_MODULE_SELECTION_GAP
REPAIR_DIAGNOSTIC_ADDED=AS6_RUNTIME_GITIGNORE_ARTIFACT_STAGING_GAP
ROOT_CAUSE_REGISTERED=Followups exists as page-level surface but not as registered CRM domain module.
REPAIR_ROOT_CAUSE_REGISTERED=Initial EPIC016 selection cycle stopped after validation because runtime/ is ignored by gitignore and git add without -f failed under set -e.
