#0 building with "default" instance using docker driver

#1 [nginx internal] load build definition from Dockerfile
#1 transferring dockerfile: 326B done
#1 DONE 0.0s

#2 [nginx internal] load metadata for docker.io/library/node:20-alpine
#2 DONE 0.1s

#3 [nginx internal] load metadata for docker.io/library/nginx:alpine
#3 DONE 0.1s

#4 [nginx internal] load .dockerignore
#4 transferring context: 69B done
#4 DONE 0.0s

#5 [nginx internal] load build context
#5 DONE 0.0s

#6 [nginx builder 1/7] FROM docker.io/library/node:20-alpine@sha256:fb4cd12c85ee03686f6af5362a0b0d56d50c58a04632e6c0fb8363f609372293
#6 resolve docker.io/library/node:20-alpine@sha256:fb4cd12c85ee03686f6af5362a0b0d56d50c58a04632e6c0fb8363f609372293 0.1s done
#6 DONE 0.1s

#7 [nginx stage-1 1/3] FROM docker.io/library/nginx:alpine@sha256:54f2a904c251d5a34adf545a72d32515a15e08418dae0266e23be2e18c66fefa
#7 resolve docker.io/library/nginx:alpine@sha256:54f2a904c251d5a34adf545a72d32515a15e08418dae0266e23be2e18c66fefa
#7 resolve docker.io/library/nginx:alpine@sha256:54f2a904c251d5a34adf545a72d32515a15e08418dae0266e23be2e18c66fefa 0.1s done
#7 DONE 0.1s

#5 [nginx internal] load build context
#5 transferring context: 30.88kB 0.1s done
#5 DONE 0.1s

#8 [nginx builder 3/7] COPY package*.json ./
#8 CACHED

#9 [nginx builder 4/7] COPY vendor ./vendor
#9 CACHED

#10 [nginx builder 5/7] RUN npm install --ignore-scripts --no-audit --no-fund
#10 CACHED

#11 [nginx builder 6/7] COPY . .
#11 CACHED

#12 [nginx builder 7/7] RUN npm run build
#12 CACHED

#13 [nginx stage-1 2/3] COPY nginx.conf /etc/nginx/conf.d/default.conf
#13 CACHED

#14 [nginx builder 2/7] WORKDIR /app
#14 CACHED

#15 [nginx stage-1 3/3] COPY --from=builder /app/dist /usr/share/nginx/html
#15 CACHED

#16 [nginx] exporting to image
#16 exporting layers 0.1s done
#16 exporting manifest sha256:faf69c727879e02b9eee161dea1ad36a108e1cfab4d75a8ca6bfe7e5a0ae7460 done
#16 exporting config sha256:3996cb41235a09492f26a1e47714b443239ebfaec2e0d5731d03348f00698269 done
#16 exporting attestation manifest sha256:9bbf8ddb361aed24bb50752d3c998e28e182a601c78087c968f75280b77d0094 0.0s done
#16 exporting manifest list sha256:2ae4238eea817df3f883b937f8a2271c017cc9876c97ea913d07605609a4903a 0.0s done
#16 naming to docker.io/library/ai-platform-nginx:latest done
#16 unpacking to docker.io/library/ai-platform-nginx:latest 0.0s done
#16 DONE 0.2s

#17 [nginx] resolving provenance for metadata file
#17 DONE 0.0s
