AS6_DONE=AS6_EPIC020_CRM_COVERAGE_RECONCILIATION
AS6_REPAIR=AS6_EPIC020_CRM_LEGACY_DOMAIN_FILENAME_REPAIR
PROJECT_READINESS=99%
BASE_EXPECTED=89c44b494afcf73d110f66590c99bc74f41d79a3
CURRENT_COMMIT=PENDING_UNTIL_COMMIT
RESTORE_TAG=AS6_RESTORE_EPIC020_CRM_COVERAGE_RECONCILIATION_20260705T133427Z
CRM_COVERAGE_RECONCILIATION=PASS
NEXT_STAGE=AS6_EPIC020_CRM_COVERAGE_FINAL_VALIDATION
VALIDATION_GIT_HEAD=PASS
VALIDATION_RESTORE_TAG=PASS
VALIDATION_WORKTREE_CLEAN_BEFORE=PASS
VALIDATION_CRM_DOMAIN_INVENTORY=PASS
VALIDATION_CRM_LEGACY_DOMAIN_COVERAGE=PASS
VALIDATION_CRM_MODERN_DOMAIN_COVERAGE=PASS
VALIDATION_JS_SYNTAX=PASS
VALIDATION_FRONTEND_BUILD=PASS
VALIDATION_GUARDIAN=PASS
VALIDATION_COMMIT=PENDING_UNTIL_COMMIT
VALIDATION_PUSH=PENDING_UNTIL_PUSH
DIAGNOSTIC_ADDED=AS6_CRM_COVERAGE_RECONCILIATION_GAP
REPAIR_CLASS_ADDED=AS6_CRM_LEGACY_DOMAIN_FILENAME_ASSUMPTION_GAP
ROOT_CAUSE_REGISTERED=CRM coverage reconciliation initially assumed all historical CRM domains follow the newest file naming convention. Earlier domains may have valid legacy structure, so reconciliation must validate actual repository evidence instead of invented mandatory filenames.
