
> ai-bot-frontend@1.0.0 build
> vite build

vite v5.4.21 building for production...
transforming...
✓ 43 modules transformed.
x Build failed in 660ms
error during build:
[vite:esbuild] Transform failed with 1 error:
/var/www/ai-platform/frontend/src/pages/CommandCenterPage.jsx:259:10: ERROR: Expected ")" but found "className"
file: /var/www/ai-platform/frontend/src/pages/CommandCenterPage.jsx:259:10

Expected ")" but found "className"
257|        </div>
258|  
259|      <main className="command-center-page" data-command-center-visual="premium-as6" data-as6-diagnostic-page="command-center-premium"><section className="command-hero" data-as6-diagnostic-hero="executive-command-center">
   |            ^
260|          <div>
261|            <h1>Добро пожаловать, <span>Владимир!</span> 👋</h1>

    at failureErrorWithLog (/var/www/ai-platform/frontend/node_modules/esbuild/lib/main.js:1472:15)
    at /var/www/ai-platform/frontend/node_modules/esbuild/lib/main.js:755:50
    at responseCallbacks.<computed> (/var/www/ai-platform/frontend/node_modules/esbuild/lib/main.js:622:9)
    at handleIncomingPacket (/var/www/ai-platform/frontend/node_modules/esbuild/lib/main.js:677:12)
    at Socket.readFromStdout (/var/www/ai-platform/frontend/node_modules/esbuild/lib/main.js:600:7)
    at Socket.emit (node:events:517:28)
    at addChunk (node:internal/streams/readable:368:12)
    at readableAddChunk (node:internal/streams/readable:341:9)
    at Readable.push (node:internal/streams/readable:278:10)
    at Pipe.onStreamRead (node:internal/stream_base_commons:190:23)
