#0 building with "default" instance using docker driver

#1 [nginx internal] load build definition from Dockerfile
#1 transferring dockerfile: 326B done
#1 DONE 0.0s

#2 [nginx internal] load metadata for docker.io/library/nginx:alpine
#2 DONE 0.0s

#3 [nginx internal] load metadata for docker.io/library/node:20-alpine
#3 DONE 0.0s

#4 [nginx internal] load .dockerignore
#4 transferring context: 69B done
#4 DONE 0.0s

#5 [nginx internal] load build context
#5 DONE 0.0s

#6 [nginx builder 1/7] FROM docker.io/library/node:20-alpine@sha256:fb4cd12c85ee03686f6af5362a0b0d56d50c58a04632e6c0fb8363f609372293
#6 resolve docker.io/library/node:20-alpine@sha256:fb4cd12c85ee03686f6af5362a0b0d56d50c58a04632e6c0fb8363f609372293 0.0s done
#6 DONE 0.0s

#7 [nginx stage-1 1/3] FROM docker.io/library/nginx:alpine@sha256:54f2a904c251d5a34adf545a72d32515a15e08418dae0266e23be2e18c66fefa
#7 resolve docker.io/library/nginx:alpine@sha256:54f2a904c251d5a34adf545a72d32515a15e08418dae0266e23be2e18c66fefa
#7 resolve docker.io/library/nginx:alpine@sha256:54f2a904c251d5a34adf545a72d32515a15e08418dae0266e23be2e18c66fefa 0.0s done
#7 DONE 0.0s

#5 [nginx internal] load build context
#5 transferring context: 30.88kB 0.0s done
#5 DONE 0.1s

#8 [nginx builder 2/7] WORKDIR /app
#8 CACHED

#9 [nginx builder 3/7] COPY package*.json ./
#9 CACHED

#10 [nginx builder 4/7] COPY vendor ./vendor
#10 CACHED

#11 [nginx builder 5/7] RUN npm install --ignore-scripts --no-audit --no-fund
#11 CACHED

#12 [nginx builder 6/7] COPY . .
#12 CACHED

#13 [nginx builder 7/7] RUN npm run build
#13 CACHED

#14 [nginx stage-1 2/3] COPY nginx.conf /etc/nginx/conf.d/default.conf
#14 CACHED

#15 [nginx stage-1 3/3] COPY --from=builder /app/dist /usr/share/nginx/html
#15 CACHED

#16 [nginx] exporting to image
#16 exporting layers 0.0s done
#16 exporting manifest sha256:aa3f2a499c8e19aedc8d79d4152164acde7255ec99323d9133c7b4195b083b3d done
#16 exporting config sha256:98554b6514d73d83500f1dc748f680bfcacfbfdf81847160e3c2446a2407a7a7 done
#16 exporting attestation manifest sha256:4f97e7da86455b90d73bc912b8134ec6f3763d464f878a27e318661a1d57cc02 0.0s done
#16 exporting manifest list sha256:fc3f4ae66a8f27051474d44f77c0673ad4982a325e936fcaa085f31aae5fb996 done
#16 naming to docker.io/library/ai-platform-nginx:latest done
#16 unpacking to docker.io/library/ai-platform-nginx:latest 0.0s done
#16 DONE 0.1s

#17 [nginx] resolving provenance for metadata file
#17 DONE 0.0s
