AS6_DONE=AS6_EPIC018_CRM_FILTERS_FOUNDATION
PROJECT_READINESS=99%
BASE_EXPECTED=add8afdcd88b5ff764d33d3d4b4a14297af79940
CURRENT_COMMIT=PENDING_UNTIL_COMMIT
RESTORE_TAG=AS6_RESTORE_EPIC018_CRM_FILTERS_FOUNDATION_20260704T203747Z
SELECTED_MODULE=CRM_FILTERS
NEXT_STAGE=AS6_EPIC018_CRM_FILTERS_UI_WIRING
VALIDATION_GIT_HEAD=PASS
VALIDATION_RESTORE_TAG=PASS
VALIDATION_WORKTREE_CLEAN_BEFORE=PASS
VALIDATION_CRM_FILTERS_PANEL_EXISTS=PASS
VALIDATION_FILTERS_FOUNDATION=PASS
VALIDATION_JS_SYNTAX=PASS
VALIDATION_FRONTEND_BUILD=PASS
VALIDATION_GUARDIAN=PASS
VALIDATION_COMMIT=PENDING_UNTIL_COMMIT
VALIDATION_PUSH=PENDING_UNTIL_PUSH
DIAGNOSTIC_ADDED=AS6_CRM_FILTERS_FOUNDATION_GAP
RUNTIME_TRACER_ADDED=frontend/src/crm/filters/filtersTracer.js
ROOT_CAUSE_REGISTERED=CRM Filters was selected because CRMFiltersPanel.jsx exists as a UI panel surface while frontend/src/crm/filters did not exist as a registered CRM domain foundation.
