AS6_DONE=AS6_EPIC017_CRM_ANALYTICS_FOUNDATION
PROJECT_READINESS=99%
BASE_EXPECTED=301ccba0b806a09ed157058a099662e95d81d97a
CURRENT_COMMIT=PENDING_UNTIL_COMMIT
RESTORE_TAG=AS6_RESTORE_EPIC017_CRM_ANALYTICS_FOUNDATION_20260704T182748Z
SELECTED_MODULE=CRM_ANALYTICS
NEXT_STAGE=AS6_EPIC017_CRM_ANALYTICS_UI_WIRING
VALIDATION_GIT_HEAD=PASS
VALIDATION_RESTORE_TAG=PASS
VALIDATION_WORKTREE_CLEAN_BEFORE=PASS
VALIDATION_CRM_ANALYTICS_PANEL_EXISTS=PASS
VALIDATION_ANALYTICS_FOUNDATION=PASS
VALIDATION_JS_SYNTAX=PASS
VALIDATION_FRONTEND_BUILD=PASS
VALIDATION_GUARDIAN=PASS
VALIDATION_COMMIT=PENDING_UNTIL_COMMIT
VALIDATION_PUSH=PENDING_UNTIL_PUSH
DIAGNOSTIC_ADDED=AS6_CRM_ANALYTICS_FOUNDATION_GAP
RUNTIME_TRACER_ADDED=frontend/src/crm/analytics/analyticsTracer.js
ROOT_CAUSE_REGISTERED=CRM Analytics was selected because CRMAnalyticsPanel.jsx exists as a UI panel surface while frontend/src/crm/analytics did not exist as a registered CRM domain foundation.
