
> ai-bot-frontend@1.0.0 build
> vite build

vite v5.4.21 building for production...
transforming...
✓ 62 modules transformed.
x Build failed in 660ms
error during build:
[vite:esbuild] Transform failed with 1 error:
/var/www/ai-platform/frontend/src/pages/CRMPage.jsx:11:7: ERROR: Expected "as" but found "AS6FirstDawnPanel"
file: /var/www/ai-platform/frontend/src/pages/CRMPage.jsx:11:7

Expected "as" but found "AS6FirstDawnPanel"
9  |  import { REVENUE_LEAD_FILTERS, REVENUE_SORT_OPTIONS, buildRecommendationQueue, filterAndSortRevenueLeads, getForecastWidget, getRevenueCards } from "../utils/revenueIntelligence";
10 |  import {
11 |  import AS6FirstDawnPanel from '../components/as6/AS6FirstDawnPanel.jsx';
   |         ^
12 |    addCrmLeadNote,
13 |    createCrmFollowUp,

    at failureErrorWithLog (/var/www/ai-platform/frontend/node_modules/esbuild/lib/main.js:1472:15)
    at /var/www/ai-platform/frontend/node_modules/esbuild/lib/main.js:755:50
    at responseCallbacks.<computed> (/var/www/ai-platform/frontend/node_modules/esbuild/lib/main.js:622:9)
    at handleIncomingPacket (/var/www/ai-platform/frontend/node_modules/esbuild/lib/main.js:677:12)
    at Socket.readFromStdout (/var/www/ai-platform/frontend/node_modules/esbuild/lib/main.js:600:7)
    at Socket.emit (node:events:517:28)
    at addChunk (node:internal/streams/readable:368:12)
    at readableAddChunk (node:internal/streams/readable:341:9)
    at Readable.push (node:internal/streams/readable:278:10)
    at Pipe.onStreamRead (node:internal/stream_base_commons:190:23)
