AS6_DONE=AS6_EPIC018_CRM_FILTERS_UI_WIRING
PROJECT_READINESS=99%
BASE_EXPECTED=61431f9ba8a38a12379e6774c846d56c57af482b
CURRENT_COMMIT=PENDING_UNTIL_COMMIT
RESTORE_TAG=AS6_RESTORE_EPIC018_CRM_FILTERS_UI_WIRING_20260705T010045Z
SELECTED_MODULE=CRM_FILTERS
NEXT_STAGE=AS6_EPIC018_CRM_FILTERS_FINAL_VALIDATION
VALIDATION_GIT_HEAD=PASS
VALIDATION_RESTORE_TAG=PASS
VALIDATION_WORKTREE_CLEAN_BEFORE=PASS
VALIDATION_FILTERS_FOUNDATION=PASS
VALIDATION_FILTERS_WORKSPACE_INTEGRATION=PASS
VALIDATION_STRUCTURE=PASS
VALIDATION_JS_SYNTAX=PASS
VALIDATION_JSX_VALIDATED_BY_FRONTEND_BUILD=PASS
VALIDATION_FRONTEND_BUILD=PASS
VALIDATION_GUARDIAN=PASS
VALIDATION_COMMIT=PENDING_UNTIL_COMMIT
VALIDATION_PUSH=PENDING_UNTIL_PUSH
DIAGNOSTIC_ADDED=AS6_CRM_FILTERS_UI_WIRING_GAP
WORKSPACE_SURFACE_ADDED=frontend/src/crm/filters/CRMFiltersWorkspaceSurface.jsx
LEGACY_PANEL_PRESERVED=frontend/src/pages/crm/CRMFiltersLegacyPanel.jsx
ROOT_CAUSE_REGISTERED=CRM Filters domain foundation existed after AS6_EPIC018_CRM_FILTERS_FOUNDATION, but the existing CRMFiltersPanel still rendered as a panel-level surface and was not yet wired through the reusable Filters Workspace UI surface.
