AS6_DONE=AS6_EPIC016_CRM_FOLLOWUPS_UI_WIRING
AS6_REPAIR=AS6_EPIC016_CRM_FOLLOWUPS_UI_WIRING_JSX_NODE_CHECK_REPAIR
PROJECT_READINESS=99%
BASE_EXPECTED=ca91fc20f5e4fae83f7035a9118a944e52f0d11b
CURRENT_COMMIT=PENDING_UNTIL_COMMIT
RESTORE_TAG=AS6_RESTORE_EPIC016_CRM_FOLLOWUPS_UI_WIRING_20260704T171105Z
SELECTED_MODULE=CRM_FOLLOWUPS
NEXT_STAGE=AS6_EPIC016_CRM_FOLLOWUPS_FINAL_VALIDATION
VALIDATION_GIT_HEAD=PASS
VALIDATION_RESTORE_TAG=PASS
VALIDATION_WORKTREE_CLEAN_BEFORE=PASS
VALIDATION_WORKSPACE_FOUNDATION=PASS
VALIDATION_FOLLOWUPS_FOUNDATION=PASS
VALIDATION_FOLLOWUPS_WORKSPACE_INTEGRATION=PASS
VALIDATION_STRUCTURE=PASS
VALIDATION_JSX_VALIDATED_BY_FRONTEND_BUILD=PASS
VALIDATION_FRONTEND_BUILD=PASS
VALIDATION_GUARDIAN=PASS
VALIDATION_COMMIT=PENDING_UNTIL_COMMIT
VALIDATION_PUSH=PENDING_UNTIL_PUSH
DIAGNOSTIC_ADDED=AS6_CRM_FOLLOWUPS_UI_WIRING_GAP
REPAIR_DIAGNOSTIC_ADDED=AS6_JSX_NODE_CHECK_UNSUPPORTED_EXTENSION_GAP
WORKSPACE_SURFACE_ADDED=frontend/src/crm/followups/FollowupsWorkspaceSurface.jsx
LEGACY_PAGE_PRESERVED=frontend/src/pages/FollowupsLegacyPage.jsx
ROOT_CAUSE_REGISTERED=CRM Followups was integrated with AS6 Workspace as a reusable adapter, but the existing route-level FollowupsPage still rendered as a page-level surface and was not yet wired through the Workspace UI surface.
REPAIR_ROOT_CAUSE_REGISTERED=The first UI wiring cycle attempted node --check on a JSX file. Node.js in this environment does not accept .jsx as a direct syntax-check target, so JSX validation must be performed through the frontend build pipeline.
