AS6_DONE=AS6_EPIC017_CRM_NEXT_MODULE_SELECTION
PROJECT_READINESS=99%
BASE_EXPECTED=8bad574267a75d3affdf4c02896b0e75fccd7c32
CURRENT_COMMIT=PENDING_UNTIL_COMMIT
RESTORE_TAG=AS6_RESTORE_EPIC017_CRM_NEXT_MODULE_SELECTION_20260704T175935Z
PREVIOUS_EPIC=AS6_EPIC016
PREVIOUS_STATUS=AS6_EPIC016_CRM_FOLLOWUPS=PRODUCTION_VALIDATED
SELECTED_NEXT_MODULE=CRM_ANALYTICS
NEXT_STAGE=AS6_EPIC017_CRM_ANALYTICS_FOUNDATION
VALIDATION_GIT_HEAD=PASS
VALIDATION_RESTORE_TAG=PASS
VALIDATION_WORKTREE_CLEAN_BEFORE=PASS
VALIDATION_EPIC016_PRODUCTION_STATUS=PASS
VALIDATION_CRM_CHAIN=PASS
VALIDATION_REPOSITORY_BASED_SELECTION=PASS
VALIDATION_FRONTEND_BUILD=PASS
VALIDATION_GUARDIAN=PASS
VALIDATION_COMMIT=PENDING_UNTIL_COMMIT
VALIDATION_PUSH=PENDING_UNTIL_PUSH
DIAGNOSTIC_ADDED=AS6_CRM_EPIC017_NEXT_MODULE_SELECTION_GAP
ROOT_CAUSE_REGISTERED=CRM analytics exists as a UI panel surface at frontend/src/pages/crm/CRMAnalyticsPanel.jsx, but frontend/src/crm/analytics does not exist as a registered CRM domain foundation.
