AS6_DONE=AS6_EPIC019_CRM_KANBAN_UI_WIRING
PROJECT_READINESS=99%
BASE_EXPECTED=e4c324f5e961b043d953aeea220987971656c67f
CURRENT_COMMIT=PENDING_UNTIL_COMMIT
RESTORE_TAG=AS6_RESTORE_EPIC019_CRM_KANBAN_UI_WIRING_20260705T105942Z
SELECTED_MODULE=CRM_KANBAN
NEXT_STAGE=AS6_EPIC019_CRM_KANBAN_FINAL_VALIDATION
VALIDATION_GIT_HEAD=PASS
VALIDATION_RESTORE_TAG=PASS
VALIDATION_WORKTREE_CLEAN_BEFORE=PASS
VALIDATION_KANBAN_FOUNDATION=PASS
VALIDATION_KANBAN_WORKSPACE_INTEGRATION=PASS
VALIDATION_STRUCTURE=PASS
VALIDATION_JS_SYNTAX=PASS
VALIDATION_JSX_VALIDATED_BY_FRONTEND_BUILD=PASS
VALIDATION_FRONTEND_BUILD=PASS
VALIDATION_GUARDIAN=PASS
VALIDATION_COMMIT=PENDING_UNTIL_COMMIT
VALIDATION_PUSH=PENDING_UNTIL_PUSH
DIAGNOSTIC_ADDED=AS6_CRM_KANBAN_UI_WIRING_GAP
WORKSPACE_SURFACE_ADDED=frontend/src/crm/kanban/CRMKanbanWorkspaceSurface.jsx
LEGACY_PANEL_PRESERVED=frontend/src/pages/crm/CRMKanbanLegacyPanel.jsx
ROOT_CAUSE_REGISTERED=CRM Kanban domain foundation existed after AS6_EPIC019_CRM_KANBAN_FOUNDATION, but the existing CRMKanbanPanel still rendered as a panel-level surface and was not yet wired through the reusable Kanban Workspace UI surface.
