AS6_DONE=AS6_EPIC020_CRM_NEXT_MODULE_SELECTION
AS6_REPAIR=AS6_EPIC020_NO_CRM_PANEL_CANDIDATE_REPAIR
PROJECT_READINESS=99%
BASE_EXPECTED=df1dd7e70a3d69e77c424a93fdb8704a82dab5c2
CURRENT_COMMIT=PENDING_UNTIL_COMMIT
RESTORE_TAG=AS6_RESTORE_EPIC020_CRM_NEXT_MODULE_SELECTION_20260705T121253Z
PREVIOUS_EPIC=AS6_EPIC019
PREVIOUS_STATUS=AS6_EPIC019_CRM_KANBAN=PRODUCTION_VALIDATED
SELECTED_NEXT_MODULE=CRM_COVERAGE_RECONCILIATION
NEXT_STAGE=AS6_EPIC020_CRM_COVERAGE_RECONCILIATION
VALIDATION_GIT_HEAD=PASS
VALIDATION_RESTORE_TAG=PASS
VALIDATION_WORKTREE_CLEAN_BEFORE=PASS
VALIDATION_EPIC019_PRODUCTION_STATUS=PASS
VALIDATION_CRM_CHAIN=PASS
VALIDATION_NO_REPOSITORY_CANDIDATE=PASS
VALIDATION_FRONTEND_BUILD=PASS
VALIDATION_GUARDIAN=PASS
VALIDATION_COMMIT=PENDING_UNTIL_COMMIT
VALIDATION_PUSH=PENDING_UNTIL_PUSH
DIAGNOSTIC_ADDED=AS6_CRM_EPIC020_NO_NEXT_PANEL_CANDIDATE_GAP
ROOT_CAUSE_REGISTERED=EPIC020 candidate scan found no remaining CRM panel surface without a matching domain foundation among the configured candidate set and current repository pages.
