AS6_DONE=AS6_EPIC019_CRM_NEXT_MODULE_SELECTION
PROJECT_READINESS=99%
BASE_EXPECTED=8b610e3849465670474116c86dafd8f22a6b3ff0
CURRENT_COMMIT=PENDING_UNTIL_COMMIT
RESTORE_TAG=AS6_RESTORE_EPIC019_CRM_NEXT_MODULE_SELECTION_20260705T041032Z
PREVIOUS_EPIC=AS6_EPIC018
PREVIOUS_STATUS=AS6_EPIC018_CRM_FILTERS=PRODUCTION_VALIDATED
SELECTED_NEXT_MODULE=CRM_KANBAN
NEXT_STAGE=AS6_EPIC019_CRM_KANBAN_FOUNDATION
VALIDATION_GIT_HEAD=PASS
VALIDATION_RESTORE_TAG=PASS
VALIDATION_WORKTREE_CLEAN_BEFORE=PASS
VALIDATION_EPIC018_PRODUCTION_STATUS=PASS
VALIDATION_CRM_CHAIN=PASS
VALIDATION_REPOSITORY_BASED_SELECTION=PASS
VALIDATION_FRONTEND_BUILD=PASS
VALIDATION_GUARDIAN=PASS
VALIDATION_COMMIT=PENDING_UNTIL_COMMIT
VALIDATION_PUSH=PENDING_UNTIL_PUSH
DIAGNOSTIC_ADDED=AS6_CRM_EPIC019_NEXT_MODULE_SELECTION_GAP
ROOT_CAUSE_REGISTERED=CRM kanban exists as a UI panel surface at frontend/src/pages/crm/CRMKanbanPanel.jsx, but frontend/src/crm/kanban does not exist as a registered CRM domain foundation.
