#0 building with "default" instance using docker driver

#1 [nginx internal] load build definition from Dockerfile
#1 transferring dockerfile: 326B done
#1 DONE 0.0s

#2 [nginx internal] load metadata for docker.io/library/nginx:alpine
#2 DONE 0.0s

#3 [nginx internal] load metadata for docker.io/library/node:20-alpine
#3 DONE 0.0s

#4 [nginx internal] load .dockerignore
#4 transferring context: 69B done
#4 DONE 0.0s

#5 [nginx internal] load build context
#5 DONE 0.0s

#6 [nginx stage-1 1/3] FROM docker.io/library/nginx:alpine@sha256:54f2a904c251d5a34adf545a72d32515a15e08418dae0266e23be2e18c66fefa
#6 resolve docker.io/library/nginx:alpine@sha256:54f2a904c251d5a34adf545a72d32515a15e08418dae0266e23be2e18c66fefa 0.0s done
#6 DONE 0.0s

#7 [nginx builder 1/7] FROM docker.io/library/node:20-alpine@sha256:fb4cd12c85ee03686f6af5362a0b0d56d50c58a04632e6c0fb8363f609372293
#7 resolve docker.io/library/node:20-alpine@sha256:fb4cd12c85ee03686f6af5362a0b0d56d50c58a04632e6c0fb8363f609372293
#7 resolve docker.io/library/node:20-alpine@sha256:fb4cd12c85ee03686f6af5362a0b0d56d50c58a04632e6c0fb8363f609372293 0.0s done
#7 DONE 0.0s

#5 [nginx internal] load build context
#5 transferring context: 30.88kB 0.0s done
#5 DONE 0.1s

#8 [nginx builder 4/7] COPY vendor ./vendor
#8 CACHED

#9 [nginx builder 5/7] RUN npm install --ignore-scripts --no-audit --no-fund
#9 CACHED

#10 [nginx builder 6/7] COPY . .
#10 CACHED

#11 [nginx builder 7/7] RUN npm run build
#11 CACHED

#12 [nginx stage-1 2/3] COPY nginx.conf /etc/nginx/conf.d/default.conf
#12 CACHED

#13 [nginx builder 2/7] WORKDIR /app
#13 CACHED

#14 [nginx builder 3/7] COPY package*.json ./
#14 CACHED

#15 [nginx stage-1 3/3] COPY --from=builder /app/dist /usr/share/nginx/html
#15 CACHED

#16 [nginx] exporting to image
#16 exporting layers 0.0s done
#16 exporting manifest sha256:914f7ce3d5cad8dcf2e3b8afa85b98ac7e1bd2269238feefb3efa862f1b6ccf0 done
#16 exporting config sha256:9462984a43dda6cbf048d04f5d053557ce9cf3acba3d60a2da923e44ff3f5c12 done
#16 exporting attestation manifest sha256:10d6491177625c9c71f287bee87c2d2940a2ed16f9bf8fb9081fa17e436c4d41 0.0s done
#16 exporting manifest list sha256:de8505a12c30456da38ee18cfcdb5ad474607dd1b731d1d71496c40ab884c52e 0.0s done
#16 naming to docker.io/library/ai-platform-nginx:latest done
#16 unpacking to docker.io/library/ai-platform-nginx:latest 0.0s done
#16 DONE 0.2s

#17 [nginx] resolving provenance for metadata file
#17 DONE 0.0s
