AS6_DONE=AS6_EPIC017_CRM_ANALYTICS_UI_WIRING
PROJECT_READINESS=99%
BASE_EXPECTED=ddf5a784117719735d310b6089b04dcb071d4e3d
CURRENT_COMMIT=PENDING_UNTIL_COMMIT
RESTORE_TAG=AS6_RESTORE_EPIC017_CRM_ANALYTICS_UI_WIRING_20260704T185514Z
SELECTED_MODULE=CRM_ANALYTICS
NEXT_STAGE=AS6_EPIC017_CRM_ANALYTICS_FINAL_VALIDATION
VALIDATION_GIT_HEAD=PASS
VALIDATION_RESTORE_TAG=PASS
VALIDATION_WORKTREE_CLEAN_BEFORE=PASS
VALIDATION_ANALYTICS_FOUNDATION=PASS
VALIDATION_ANALYTICS_WORKSPACE_INTEGRATION=PASS
VALIDATION_STRUCTURE=PASS
VALIDATION_JS_SYNTAX=PASS
VALIDATION_JSX_VALIDATED_BY_FRONTEND_BUILD=PASS
VALIDATION_FRONTEND_BUILD=PASS
VALIDATION_GUARDIAN=PASS
VALIDATION_COMMIT=PENDING_UNTIL_COMMIT
VALIDATION_PUSH=PENDING_UNTIL_PUSH
DIAGNOSTIC_ADDED=AS6_CRM_ANALYTICS_UI_WIRING_GAP
WORKSPACE_SURFACE_ADDED=frontend/src/crm/analytics/CRMAnalyticsWorkspaceSurface.jsx
LEGACY_PANEL_PRESERVED=frontend/src/pages/crm/CRMAnalyticsLegacyPanel.jsx
ROOT_CAUSE_REGISTERED=CRM Analytics domain foundation existed after AS6_EPIC017_CRM_ANALYTICS_FOUNDATION, but the existing CRMAnalyticsPanel still rendered as a panel-level surface and was not yet wired through the reusable Analytics Workspace UI surface.
