AS6_DONE=AS6_EPIC016_CRM_FOLLOWUPS_WORKSPACE_INTEGRATION
PROJECT_READINESS=99%
BASE_EXPECTED=0bfb584a8011c5f6c6621d2423eb7e5a9d665b64
CURRENT_COMMIT=PENDING_UNTIL_COMMIT
RESTORE_TAG=AS6_RESTORE_EPIC016_CRM_FOLLOWUPS_WORKSPACE_INTEGRATION_20260704T161420Z
SELECTED_MODULE=CRM_FOLLOWUPS
NEXT_STAGE=AS6_EPIC016_CRM_FOLLOWUPS_UI_WIRING
VALIDATION_GIT_HEAD=PASS
VALIDATION_RESTORE_TAG=PASS
VALIDATION_WORKTREE_CLEAN_BEFORE=PASS
VALIDATION_WORKSPACE_FOUNDATION=PASS
VALIDATION_FOLLOWUPS_FOUNDATION=PASS
VALIDATION_STRUCTURE=PASS
VALIDATION_JS_SYNTAX=PASS
VALIDATION_FRONTEND_BUILD=PASS
VALIDATION_GUARDIAN=PASS
VALIDATION_COMMIT=PENDING_UNTIL_COMMIT
VALIDATION_PUSH=PENDING_UNTIL_PUSH
DIAGNOSTIC_ADDED=AS6_CRM_FOLLOWUPS_WORKSPACE_INTEGRATION_GAP
RUNTIME_TRACER_EXTENDED=workspace.integration.created
ROOT_CAUSE_REGISTERED=CRM Followups foundation existed after AS6_EPIC016_CRM_FOLLOWUPS_FOUNDATION, but it was not yet exposed as a reusable AS6 Workspace integration adapter.
