#0 building with "default" instance using docker driver

#1 [nginx internal] load build definition from Dockerfile
#1 transferring dockerfile: 326B done
#1 DONE 0.0s

#2 [nginx internal] load metadata for docker.io/library/nginx:alpine
#2 DONE 0.0s

#3 [nginx internal] load metadata for docker.io/library/node:20-alpine
#3 DONE 0.1s

#4 [nginx internal] load .dockerignore
#4 transferring context:
#4 transferring context: 69B done
#4 DONE 0.0s

#5 [nginx internal] load build context
#5 DONE 0.0s

#6 [nginx builder 1/7] FROM docker.io/library/node:20-alpine@sha256:fb4cd12c85ee03686f6af5362a0b0d56d50c58a04632e6c0fb8363f609372293
#6 resolve docker.io/library/node:20-alpine@sha256:fb4cd12c85ee03686f6af5362a0b0d56d50c58a04632e6c0fb8363f609372293 0.1s done
#6 DONE 0.1s

#7 [nginx stage-1 1/3] FROM docker.io/library/nginx:alpine@sha256:54f2a904c251d5a34adf545a72d32515a15e08418dae0266e23be2e18c66fefa
#7 resolve docker.io/library/nginx:alpine@sha256:54f2a904c251d5a34adf545a72d32515a15e08418dae0266e23be2e18c66fefa
#7 resolve docker.io/library/nginx:alpine@sha256:54f2a904c251d5a34adf545a72d32515a15e08418dae0266e23be2e18c66fefa 0.1s done
#7 DONE 0.1s

#5 [nginx internal] load build context
#5 transferring context: 30.88kB 0.1s done
#5 DONE 0.1s

#8 [nginx builder 3/7] COPY package*.json ./
#8 CACHED

#9 [nginx builder 4/7] COPY vendor ./vendor
#9 CACHED

#10 [nginx builder 5/7] RUN npm install --ignore-scripts --no-audit --no-fund
#10 CACHED

#11 [nginx builder 6/7] COPY . .
#11 CACHED

#12 [nginx builder 7/7] RUN npm run build
#12 CACHED

#13 [nginx stage-1 2/3] COPY nginx.conf /etc/nginx/conf.d/default.conf
#13 CACHED

#14 [nginx builder 2/7] WORKDIR /app
#14 CACHED

#15 [nginx stage-1 3/3] COPY --from=builder /app/dist /usr/share/nginx/html
#15 CACHED

#16 [nginx] exporting to image
#16 exporting layers 0.0s done
#16 exporting manifest sha256:43269770451d88d9403b59f56e4845ebf53e9c6f1f022cd430421ef51ec076d5 done
#16 exporting config sha256:d6a212e93593beb608cdc510dc4ae6c3b13c8630d95de8af04db8ae4f58d8495 done
#16 exporting attestation manifest sha256:330384d78e346754ad13da2115122ee32d7d4eee058c7ad644dbb528611e157f 0.0s done
#16 exporting manifest list sha256:265543bed128449bba3f152e5edfe6439c3dc168ebfc6b0bc602f01e366c8cbf 0.0s done
#16 naming to docker.io/library/ai-platform-nginx:latest
#16 naming to docker.io/library/ai-platform-nginx:latest done
#16 unpacking to docker.io/library/ai-platform-nginx:latest 0.1s done
#16 DONE 0.3s

#17 [nginx] resolving provenance for metadata file
#17 DONE 0.0s
