AS6_DONE=AS6_EPIC019_CRM_KANBAN_FOUNDATION
PROJECT_READINESS=99%
BASE_EXPECTED=2b07ce265a5e57ef96be11f6b9ec8b5dc33764bf
CURRENT_COMMIT=PENDING_UNTIL_COMMIT
RESTORE_TAG=AS6_RESTORE_EPIC019_CRM_KANBAN_FOUNDATION_20260705T092218Z
SELECTED_MODULE=CRM_KANBAN
NEXT_STAGE=AS6_EPIC019_CRM_KANBAN_UI_WIRING
VALIDATION_GIT_HEAD=PASS
VALIDATION_RESTORE_TAG=PASS
VALIDATION_WORKTREE_CLEAN_BEFORE=PASS
VALIDATION_CRM_KANBAN_PANEL_EXISTS=PASS
VALIDATION_KANBAN_FOUNDATION=PASS
VALIDATION_JS_SYNTAX=PASS
VALIDATION_FRONTEND_BUILD=PASS
VALIDATION_GUARDIAN=PASS
VALIDATION_COMMIT=PENDING_UNTIL_COMMIT
VALIDATION_PUSH=PENDING_UNTIL_PUSH
DIAGNOSTIC_ADDED=AS6_CRM_KANBAN_FOUNDATION_GAP
RUNTIME_TRACER_ADDED=frontend/src/crm/kanban/kanbanTracer.js
ROOT_CAUSE_REGISTERED=CRM Kanban was selected because CRMKanbanPanel.jsx exists as a UI panel surface while frontend/src/crm/kanban did not exist as a registered CRM domain foundation.
